<?xml version="1.0" encoding="UTF-8"?>
<!-- Generated by org.testng.reporters.JUnitReportReporter -->
<testsuite hostname="LenovoIdeaPad" failures="0" tests="4" name="tests.FictionBooksTest" time="25.137" errors="0" timestamp="2023-12-08T12:23:57 IST" skipped="0">
  <testcase classname="tests.FictionBooksTest" name="test_login" time="3.836"/>
  <system-out/>
  <testcase classname="tests.FictionBooksTest" name="FictionBooksclick" time="14.168"/>
  <system-out/>
  <testcase classname="tests.FictionBooksTest" name="book1_click" time="5.014"/>
  <system-out/>
  <testcase classname="tests.FictionBooksTest" name="buynow_click" time="2.119"/>
  <system-out/>
</testsuite> <!-- tests.FictionBooksTest -->
